
PostgreSQL Database directory appears to contain a database; Skipping initialization

2026-04-07 13:21:03.906 UTC [1] LOG:  starting PostgreSQL 16.13 (Debian 16.13-1.pgdg13+1) on x86_64-pc-linux-gnu, compiled by gcc (Debian 14.2.0-19) 14.2.0, 64-bit
2026-04-07 13:21:03.934 UTC [1] LOG:  listening on IPv4 address "0.0.0.0", port 5432
2026-04-07 13:21:03.934 UTC [1] LOG:  listening on IPv6 address "::", port 5432
2026-04-07 13:21:03.941 UTC [1] LOG:  listening on Unix socket "/var/run/postgresql/.s.PGSQL.5432"
2026-04-07 13:21:03.949 UTC [29] LOG:  database system was shut down at 2026-04-07 13:20:51 UTC
2026-04-07 13:21:03.954 UTC [1] LOG:  database system is ready to accept connections
/docker-entrypoint.sh: /docker-entrypoint.d/ is not empty, will attempt to perform configuration
Starting Redis Server
/docker-entrypoint.sh: Looking for shell scripts in /docker-entrypoint.d/
1:C 07 Apr 2026 13:21:03.819 # WARNING Memory overcommit must be enabled! Without it, a background save or replication may fail under low memory condition. Being disabled, it can also cause failures without low memory condition, see https://github.com/jemalloc/jemalloc/issues/1328. To fix this issue add 'vm.overcommit_memory = 1' to /etc/sysctl.conf and then reboot or run the command 'sysctl vm.overcommit_memory=1' for this to take effect.
1:C 07 Apr 2026 13:21:03.819 * oO0OoO0OoO0Oo Redis is starting oO0OoO0OoO0Oo
/docker-entrypoint.sh: Launching /docker-entrypoint.d/10-listen-on-ipv6-by-default.sh
1:C 07 Apr 2026 13:21:03.819 * Redis version=8.6.1, bits=64, commit=00000000, modified=1, pid=1, just started
10-listen-on-ipv6-by-default.sh: info: Getting the checksum of /etc/nginx/conf.d/default.conf
AH00558: apache2: Could not reliably determine the server's fully qualified domain name, using 10.255.255.22. Set the 'ServerName' directive globally to suppress this message
10-listen-on-ipv6-by-default.sh: info: Enabled listen on IPv6 in /etc/nginx/conf.d/default.conf
/docker-entrypoint.sh: Sourcing /docker-entrypoint.d/15-local-resolvers.envsh
/docker-entrypoint.sh: Launching /docker-entrypoint.d/20-envsubst-on-templates.sh
AH00558: apache2: Could not reliably determine the server's fully qualified domain name, using 10.255.255.22. Set the 'ServerName' directive globally to suppress this message
/docker-entrypoint.sh: Launching /docker-entrypoint.d/30-tune-worker-processes.sh
[Tue Apr 07 13:21:03.996241 2026] [mpm_prefork:notice] [pid 1:tid 1] AH00163: Apache/2.4.66 (Debian) PHP/8.5.4 configured -- resuming normal operations
/docker-entrypoint.sh: Configuration complete; ready for start up
[Tue Apr 07 13:21:03.996283 2026] [core:notice] [pid 1:tid 1] AH00094: Command line: 'apache2 -D FOREGROUND'
1:C 07 Apr 2026 13:21:03.819 * Configuration loaded
1:M 07 Apr 2026 13:21:03.819 * Increased maximum number of open files to 10032 (it was originally set to 1024).
1:M 07 Apr 2026 13:21:03.819 * monotonic clock: POSIX clock_gettime
1:M 07 Apr 2026 13:21:03.820 * Running mode=standalone, port=6379.
1:M 07 Apr 2026 13:21:03.820 * <bf> RedisBloom version 8.6.0 (Git=unknown)
1:M 07 Apr 2026 13:21:03.820 * <bf> Registering configuration options: [
1:M 07 Apr 2026 13:21:03.820 * <bf> 	{ bf-error-rate       :      0.01 }
1:M 07 Apr 2026 13:21:03.820 * <bf> 	{ bf-initial-size     :       100 }
1:M 07 Apr 2026 13:21:03.820 * <bf> 	{ bf-expansion-factor :         2 }
AH00558: apache2: Could not reliably determine the server's fully qualified domain name, using 10.254.255.21. Set the 'ServerName' directive globally to suppress this message
AH00558: apache2: Could not reliably determine the server's fully qualified domain name, using 10.254.255.21. Set the 'ServerName' directive globally to suppress this message
[Tue Apr 07 13:21:09.542011 2026] [mpm_prefork:notice] [pid 1:tid 1] AH00163: Apache/2.4.66 (Debian) PHP/8.5.4 configured -- resuming normal operations
[Tue Apr 07 13:21:09.542051 2026] [core:notice] [pid 1:tid 1] AH00094: Command line: 'apache2 -D FOREGROUND'
1:M 07 Apr 2026 13:21:03.820 * <bf> 	{ cf-bucket-size      :         2 }
1:M 07 Apr 2026 13:21:03.820 * <bf> 	{ cf-initial-size     :      1024 }
1:M 07 Apr 2026 13:21:03.820 * <bf> 	{ cf-max-iterations   :        20 }
1:M 07 Apr 2026 13:21:03.820 * <bf> 	{ cf-expansion-factor :         1 }
1:M 07 Apr 2026 13:21:03.820 * <bf> 	{ cf-max-expansions   :        32 }
1:M 07 Apr 2026 13:21:03.820 * <bf> ]
1:M 07 Apr 2026 13:21:03.820 * Module 'bf' loaded from /usr/local/lib/redis/modules//redisbloom.so
1:M 07 Apr 2026 13:21:03.822 * <search> Redis version found by RedisSearch : 8.6.1 - oss
1:M 07 Apr 2026 13:21:03.822 * <search> RediSearch version 8.6.0 (Git=7782b97)
1:M 07 Apr 2026 13:21:03.822 * <search> Low level api version 1 initialized successfully
1:M 07 Apr 2026 13:21:03.822 * <search> gc: ON, prefix min length: 2, min word length to stem: 4, prefix max expansions: 200, query timeout (ms): 500, timeout policy: return, oom policy: return, cursor read size: 1000, cursor max idle (ms): 300000, max doctable size: 1000000, max number of search results:  1000000, default scorer: BM25STD, 
1:M 07 Apr 2026 13:21:03.822 * <search> Initialized thread pools!
1:M 07 Apr 2026 13:21:03.822 * <search> Disabled workers threadpool of size 0
1:M 07 Apr 2026 13:21:03.822 * <search> Subscribe to config changes
1:M 07 Apr 2026 13:21:03.822 * <search> Subscribe to cluster slot migration events
1:M 07 Apr 2026 13:21:03.822 * <search> Enabled role change notification
1:M 07 Apr 2026 13:21:03.823 * <search> Cluster configuration: AUTO partitions, type: 0, coordinator timeout: 0ms
1:M 07 Apr 2026 13:21:03.823 * Module 'search' loaded from /usr/local/lib/redis/modules//redisearch.so
1:M 07 Apr 2026 13:21:03.823 * <timeseries> RedisTimeSeries version 80600, git_sha=05fd355db748676861dc4c17d19c8c1ca74c0154
1:M 07 Apr 2026 13:21:03.823 * <timeseries> Redis version found by RedisTimeSeries : 8.6.1 - oss
1:M 07 Apr 2026 13:21:03.823 * <timeseries> Registering configuration options: [
1:M 07 Apr 2026 13:21:03.823 * <timeseries> 	{ ts-compaction-policy   :              }
1:M 07 Apr 2026 13:21:03.823 * <timeseries> 	{ ts-num-threads         :            3 }
1:M 07 Apr 2026 13:21:03.823 * <timeseries> 	{ ts-retention-policy    :            0 }
1:M 07 Apr 2026 13:21:03.823 * <timeseries> 	{ ts-duplicate-policy    :        block }
1:M 07 Apr 2026 13:21:03.823 * <timeseries> 	{ ts-chunk-size-bytes    :         4096 }
1:M 07 Apr 2026 13:21:03.823 * <timeseries> 	{ ts-encoding            :   compressed }
1:M 07 Apr 2026 13:21:03.823 * <timeseries> 	{ ts-ignore-max-time-diff:            0 }
1:M 07 Apr 2026 13:21:03.823 * <timeseries> 	{ ts-ignore-max-val-diff :     0.000000 }
1:M 07 Apr 2026 13:21:03.823 * <timeseries> ]
1:M 07 Apr 2026 13:21:03.823 * <timeseries> Detected redis oss
1:M 07 Apr 2026 13:21:03.823 * <timeseries> Subscribe to ASM events
1:M 07 Apr 2026 13:21:03.823 * <timeseries> Enabled diskless replication
1:M 07 Apr 2026 13:21:03.823 * Module 'timeseries' loaded from /usr/local/lib/redis/modules//redistimeseries.so
1:M 07 Apr 2026 13:21:03.823 * <ReJSON> Created new data type 'ReJSON-RL'
1:M 07 Apr 2026 13:21:03.824 * <ReJSON> version: 80600 git sha: unknown branch: unknown
1:M 07 Apr 2026 13:21:03.824 * <ReJSON> Exported RedisJSON_V1 API
1:M 07 Apr 2026 13:21:03.824 * <ReJSON> Exported RedisJSON_V2 API
1:M 07 Apr 2026 13:21:03.824 * <ReJSON> Exported RedisJSON_V3 API
1:M 07 Apr 2026 13:21:03.824 * <ReJSON> Exported RedisJSON_V4 API
1:M 07 Apr 2026 13:21:03.824 * <ReJSON> Exported RedisJSON_V5 API
1:M 07 Apr 2026 13:21:03.824 * <ReJSON> Exported RedisJSON_V6 API
1:M 07 Apr 2026 13:21:03.824 * <ReJSON> Enabled diskless replication
1:M 07 Apr 2026 13:21:03.824 * <ReJSON> Initialized shared string cache, thread safe: true.
1:M 07 Apr 2026 13:21:03.824 * Module 'ReJSON' loaded from /usr/local/lib/redis/modules//rejson.so
1:M 07 Apr 2026 13:21:03.824 * <search> Acquired RedisJSON_V6 API
1:M 07 Apr 2026 13:21:03.824 * Server initialized
1:M 07 Apr 2026 13:21:03.824 * <search> Changing workers threadpool size from 0 to 4
1:M 07 Apr 2026 13:21:03.824 * <search> Enabled workers threadpool of size 4
1:M 07 Apr 2026 13:21:03.824 * <search> Loading event started
1:M 07 Apr 2026 13:21:03.824 * Loading RDB produced by version 8.6.1
1:M 07 Apr 2026 13:21:03.824 * RDB age 10 seconds
1:M 07 Apr 2026 13:21:03.824 * RDB memory usage when created 1.31 Mb
1:M 07 Apr 2026 13:21:03.824 * Done loading RDB, keys loaded: 0, keys expired: 0.
1:M 07 Apr 2026 13:21:03.824 * <search> Changing workers threadpool size from 4 to 0
1:M 07 Apr 2026 13:21:03.824 * <search> Scheduling config_reduce_threads_job to remove all 4 threads when empty
1:M 07 Apr 2026 13:21:03.824 * <search> Disabled workers threadpool of size 4
1:M 07 Apr 2026 13:21:03.824 * <search> Loading event ended successfully
1:M 07 Apr 2026 13:21:03.824 * DB loaded from disk: 0.000 seconds
1:M 07 Apr 2026 13:21:03.824 * Ready to accept connections tcp
1:M 07 Apr 2026 13:21:03.824 # WARNING: Redis does not require authentication and is not protected by network restrictions. Redis will accept connections from any IP address on any network interface.
2026-04-07 13:24:08.988 UTC [1] LOG:  received fast shutdown request
2026-04-07 13:24:08.992 UTC [1] LOG:  aborting any active transactions
2026-04-07 13:24:08.994 UTC [1] LOG:  background worker "logical replication launcher" (PID 32) exited with exit code 1
2026-04-07 13:24:08.994 UTC [27] LOG:  shutting down
2026-04-07 13:24:08.998 UTC [27] LOG:  checkpoint starting: shutdown immediate
2026-04-07 13:24:09.033 UTC [27] LOG:  checkpoint complete: wrote 3 buffers (0.0%); 0 WAL file(s) added, 0 removed, 0 recycled; write=0.013 s, sync=0.005 s, total=0.039 s; sync files=2, longest=0.003 s, average=0.003 s; distance=0 kB, estimate=0 kB; lsn=0/156B468, redo lsn=0/156B468
2026-04-07 13:24:09.036 UTC [1] LOG:  database system is shut down
[Ktrivy-1 exited with code 2
[Kbd-1 exited with code 0
[Kreverse-proxy-1 exited with code 0
[Tue Apr 07 13:24:09.473097 2026] [mpm_prefork:notice] [pid 1:tid 1] AH00170: caught SIGWINCH, shutting down gracefully
[Tue Apr 07 13:24:09.473097 2026] [mpm_prefork:notice] [pid 1:tid 1] AH00170: caught SIGWINCH, shutting down gracefully
[Kapache2-1 exited with code 0
1:signal-handler (1775568250) Received SIGTERM scheduling shutdown...
1:M 07 Apr 2026 13:24:10.910 * User requested shutdown...
1:M 07 Apr 2026 13:24:10.910 * Saving the final RDB snapshot before exiting.
1:M 07 Apr 2026 13:24:10.910 * BGSAVE done, 0 keys saved, 0 keys skipped, 88 bytes written.
[Kapache1-1 exited with code 0
1:M 07 Apr 2026 13:24:10.923 * DB saved on disk
1:M 07 Apr 2026 13:24:10.923 # Redis is now ready to exit, bye bye...
[Kredis-1 exited with code 0
